<?xml version="1.0" encoding="UTF-8"?>
<testng-results ignored="0" total="1" passed="1" failed="0" skipped="0">
  <reporter-output>
  </reporter-output>
  <suite started-at="2020-01-30T17:12:26 MSK" name="Surefire suite" finished-at="2020-01-30T17:12:32 MSK" duration-ms="6172">
    <groups>
    </groups>
    <test started-at="2020-01-30T17:12:26 MSK" name="Surefire test" finished-at="2020-01-30T17:12:32 MSK" duration-ms="6172">
      <class name="vkTest">
        <test-method signature="OpenWindowsChrome()" started-at="2020-01-30T17:12:26 MSK" name="OpenWindowsChrome" finished-at="2020-01-30T17:12:32 MSK" duration-ms="6069" status="PASS">
          <reporter-output>
          </reporter-output>
        </test-method> <!-- OpenWindowsChrome -->
      </class> <!-- vkTest -->
    </test> <!-- Surefire test -->
  </suite> <!-- Surefire suite -->
</testng-results>
